  Camera2D.cpp
  Errors.cpp
  GLSLProgram.cpp
  ImageLoader.cpp
  InputManager.cpp
C:\Users\PS24XMooney\Desktop\Jauntlet\Jauntlet\InputManager.cpp(31,45): warning C4244: 'argument': conversion from 'Sint32' to 'float', possible loss of data
C:\Users\PS24XMooney\Desktop\Jauntlet\Jauntlet\InputManager.cpp(31,30): warning C4244: 'argument': conversion from 'Sint32' to 'float', possible loss of data
  IOManager.cpp
C:\Users\PS24XMooney\Desktop\Jauntlet\Jauntlet\IOManager.cpp(17,15): warning C4244: 'initializing': conversion from 'std::streamoff' to 'int', possible loss of data
  Jauntlet.cpp
  picoPNG.cpp
  ResourceManager.cpp
  Sprite.cpp
  SpriteBatch.cpp
  TextureCache.cpp
  TileMap.cpp
C:\Users\PS24XMooney\Desktop\Jauntlet\Jauntlet\TileMap.cpp(86,74): warning C4244: 'argument': conversion from 'float' to 'int', possible loss of data
C:\Users\PS24XMooney\Desktop\Jauntlet\Jauntlet\TileMap.cpp(86,48): warning C4244: 'argument': conversion from 'float' to 'int', possible loss of data
  TileSet.cpp
  Timing.cpp
C:\Users\PS24XMooney\Desktop\Jauntlet\Jauntlet\Timing.cpp(17,12): warning C4244: '=': conversion from 'int' to 'float', possible loss of data
C:\Users\PS24XMooney\Desktop\Jauntlet\Jauntlet\Timing.cpp(28,19): warning C4244: 'initializing': conversion from 'Uint32' to 'float', possible loss of data
C:\Users\PS24XMooney\Desktop\Jauntlet\Jauntlet\Timing.cpp(30,28): warning C4244: 'argument': conversion from 'float' to 'Uint32', possible loss of data
C:\Users\PS24XMooney\Desktop\Jauntlet\Jauntlet\Timing.cpp(41,25): warning C4244: 'initializing': conversion from 'Uint32' to 'float', possible loss of data
C:\Users\PS24XMooney\Desktop\Jauntlet\Jauntlet\Timing.cpp(43,21): warning C4244: 'initializing': conversion from 'Uint32' to 'float', possible loss of data
  Window.cpp
  Generating Code...
  Jauntlet.vcxproj -> C:\Users\PS24XMooney\Desktop\Jauntlet\x64\Debug\Jauntlet.lib
