main.obj : error LNK2019: unresolved external symbol "public: __cdecl Jauntlet::Sprite::~Sprite(void)" (??1Sprite@Jauntlet@@QEAA@XZ) referenced in function "public: __cdecl MainGame::~MainGame(void)" (??1MainGame@@QEAA@XZ)
MainGame.obj : error LNK2019: unresolved external symbol SDL_PollEvent referenced in function "private: void __cdecl MainGame::processInput(void)" (?processInput@MainGame@@AEAAXXZ)
MainGame.obj : error LNK2019: unresolved external symbol SDL_GetTicks referenced in function "private: void __cdecl MainGame::calculateFPS(void)" (?calculateFPS@MainGame@@AEAAXXZ)
MainGame.obj : error LNK2019: unresolved external symbol SDL_Delay referenced in function "private: void __cdecl MainGame::gameLoop(void)" (?gameLoop@MainGame@@AEAAXXZ)
MainGame.obj : error LNK2019: unresolved external symbol "public: __cdecl Jauntlet::GLSLProgram::GLSLProgram(void)" (??0GLSLProgram@Jauntlet@@QEAA@XZ) referenced in function "public: __cdecl MainGame::MainGame(void)" (??0MainGame@@QEAA@XZ)
MainGame.obj : error LNK2019: unresolved external symbol "public: void __cdecl Jauntlet::GLSLProgram::compileShaders(class std::basic_string<char,struct std::char_traits<char>,class std::allocator<char> > const &,class std::basic_string<char,struct std::char_traits<char>,class std::allocator<char> > const &)" (?compileShaders@GLSLProgram@Jauntlet@@QEAAXAEBV?$basic_string@DU?$char_traits@D@std@@V?$allocator@D@2@@std@@0@Z) referenced in function "private: void __cdecl MainGame::initShaders(void)" (?initShaders@MainGame@@AEAAXXZ)
MainGame.obj : error LNK2019: unresolved external symbol "public: void __cdecl Jauntlet::GLSLProgram::linkShaders(void)" (?linkShaders@GLSLProgram@Jauntlet@@QEAAXXZ) referenced in function "private: void __cdecl MainGame::initShaders(void)" (?initShaders@MainGame@@AEAAXXZ)
MainGame.obj : error LNK2019: unresolved external symbol "public: void __cdecl Jauntlet::GLSLProgram::addAttribute(class std::basic_string<char,struct std::char_traits<char>,class std::allocator<char> > const &)" (?addAttribute@GLSLProgram@Jauntlet@@QEAAXAEBV?$basic_string@DU?$char_traits@D@std@@V?$allocator@D@2@@std@@@Z) referenced in function "private: void __cdecl MainGame::initShaders(void)" (?initShaders@MainGame@@AEAAXXZ)
MainGame.obj : error LNK2019: unresolved external symbol "public: int __cdecl Jauntlet::GLSLProgram::getUniformLocation(class std::basic_string<char,struct std::char_traits<char>,class std::allocator<char> > const &)" (?getUniformLocation@GLSLProgram@Jauntlet@@QEAAHAEBV?$basic_string@DU?$char_traits@D@std@@V?$allocator@D@2@@std@@@Z) referenced in function "private: void __cdecl MainGame::drawGame(void)" (?drawGame@MainGame@@AEAAXXZ)
MainGame.obj : error LNK2019: unresolved external symbol "public: void __cdecl Jauntlet::GLSLProgram::use(void)" (?use@GLSLProgram@Jauntlet@@QEAAXXZ) referenced in function "private: void __cdecl MainGame::drawGame(void)" (?drawGame@MainGame@@AEAAXXZ)
MainGame.obj : error LNK2019: unresolved external symbol "public: void __cdecl Jauntlet::GLSLProgram::unuse(void)" (?unuse@GLSLProgram@Jauntlet@@QEAAXXZ) referenced in function "private: void __cdecl MainGame::drawGame(void)" (?drawGame@MainGame@@AEAAXXZ)
MainGame.obj : error LNK2019: unresolved external symbol "public: __cdecl Jauntlet::Sprite::Sprite(void)" (??0Sprite@Jauntlet@@QEAA@XZ) referenced in function "public: __cdecl MainGame::MainGame(void)" (??0MainGame@@QEAA@XZ)
MainGame.obj : error LNK2019: unresolved external symbol "public: void __cdecl Jauntlet::Sprite::init(float,float,float,float,class std::basic_string<char,struct std::char_traits<char>,class std::allocator<char> >)" (?init@Sprite@Jauntlet@@QEAAXMMMMV?$basic_string@DU?$char_traits@D@std@@V?$allocator@D@2@@std@@@Z) referenced in function "public: void __cdecl MainGame::run(void)" (?run@MainGame@@QEAAXXZ)
MainGame.obj : error LNK2019: unresolved external symbol "public: void __cdecl Jauntlet::Sprite::draw(void)" (?draw@Sprite@Jauntlet@@QEAAXXZ) referenced in function "private: void __cdecl MainGame::drawGame(void)" (?drawGame@MainGame@@AEAAXXZ)
MainGame.obj : error LNK2019: unresolved external symbol "public: int __cdecl Jauntlet::Window::create(class std::basic_string<char,struct std::char_traits<char>,class std::allocator<char> >,int,int,unsigned int)" (?create@Window@Jauntlet@@QEAAHV?$basic_string@DU?$char_traits@D@std@@V?$allocator@D@2@@std@@HHI@Z) referenced in function "private: void __cdecl MainGame::initSystems(void)" (?initSystems@MainGame@@AEAAXXZ)
MainGame.obj : error LNK2019: unresolved external symbol "public: void __cdecl Jauntlet::Window::swapBuffer(void)" (?swapBuffer@Window@Jauntlet@@QEAAXXZ) referenced in function "private: void __cdecl MainGame::drawGame(void)" (?drawGame@MainGame@@AEAAXXZ)
MainGame.obj : error LNK2019: unresolved external symbol "int __cdecl Jauntlet::init(void)" (?init@Jauntlet@@YAHXZ) referenced in function "private: void __cdecl MainGame::initSystems(void)" (?initSystems@MainGame@@AEAAXXZ)
MainGame.obj : error LNK2019: unresolved external symbol __imp___glewActiveTexture referenced in function "private: void __cdecl MainGame::drawGame(void)" (?drawGame@MainGame@@AEAAXXZ)
MainGame.obj : error LNK2019: unresolved external symbol __imp___glewUniform1i referenced in function "private: void __cdecl MainGame::drawGame(void)" (?drawGame@MainGame@@AEAAXXZ)
MSVCRTD.lib(exe_main.obj) : error LNK2019: unresolved external symbol main referenced in function "int __cdecl invoke_main(void)" (?invoke_main@@YAHXZ)
D:\Jauntlet Engine\dependencies\lib\SDL2.lib : warning LNK4272: library machine type 'x86' conflicts with target machine type 'x64'
D:\Jauntlet Engine\dependencies\lib\SDL2main.lib : warning LNK4272: library machine type 'x86' conflicts with target machine type 'x64'
D:\Jauntlet Engine\dependencies\lib\glew32.lib : warning LNK4272: library machine type 'x86' conflicts with target machine type 'x64'
D:\Jauntlet Engine\Debug\Jauntlet.lib : warning LNK4272: library machine type 'x86' conflicts with target machine type 'x64'
D:\Jauntlet Engine\x64\Debug\Jauntlet Engine.exe : fatal error LNK1120: 20 unresolved externals
