Errors.obj : error LNK2019: unresolved external symbol SDL_Quit referenced in function "void __cdecl fatalError(class std::basic_string<char,struct std::char_traits<char>,class std::allocator<char> >)" (?fatalError@@YAXV?$basic_string@DU?$char_traits@D@std@@V?$allocator@D@2@@std@@@Z)
GLSLProgram.obj : error LNK2019: unresolved external symbol __imp___glewAttachShader referenced in function "public: void __cdecl GLSLProgram::linkShaders(void)" (?linkShaders@GLSLProgram@@QEAAXXZ)
GLSLProgram.obj : error LNK2019: unresolved external symbol __imp___glewBindAttribLocation referenced in function "public: void __cdecl GLSLProgram::addAttribute(class std::basic_string<char,struct std::char_traits<char>,class std::allocator<char> > const &)" (?addAttribute@GLSLProgram@@QEAAXAEBV?$basic_string@DU?$char_traits@D@std@@V?$allocator@D@2@@std@@@Z)
GLSLProgram.obj : error LNK2019: unresolved external symbol __imp___glewCompileShader referenced in function "private: void __cdecl GLSLProgram::compileShader(class std::basic_string<char,struct std::char_traits<char>,class std::allocator<char> > const &,unsigned int)" (?compileShader@GLSLProgram@@AEAAXAEBV?$basic_string@DU?$char_traits@D@std@@V?$allocator@D@2@@std@@I@Z)
GLSLProgram.obj : error LNK2019: unresolved external symbol __imp___glewCreateProgram referenced in function "public: void __cdecl GLSLProgram::compileShaders(class std::basic_string<char,struct std::char_traits<char>,class std::allocator<char> > const &,class std::basic_string<char,struct std::char_traits<char>,class std::allocator<char> > const &)" (?compileShaders@GLSLProgram@@QEAAXAEBV?$basic_string@DU?$char_traits@D@std@@V?$allocator@D@2@@std@@0@Z)
GLSLProgram.obj : error LNK2019: unresolved external symbol __imp___glewCreateShader referenced in function "public: void __cdecl GLSLProgram::compileShaders(class std::basic_string<char,struct std::char_traits<char>,class std::allocator<char> > const &,class std::basic_string<char,struct std::char_traits<char>,class std::allocator<char> > const &)" (?compileShaders@GLSLProgram@@QEAAXAEBV?$basic_string@DU?$char_traits@D@std@@V?$allocator@D@2@@std@@0@Z)
GLSLProgram.obj : error LNK2019: unresolved external symbol __imp___glewDeleteProgram referenced in function "public: void __cdecl GLSLProgram::linkShaders(void)" (?linkShaders@GLSLProgram@@QEAAXXZ)
GLSLProgram.obj : error LNK2019: unresolved external symbol __imp___glewDeleteShader referenced in function "private: void __cdecl GLSLProgram::compileShader(class std::basic_string<char,struct std::char_traits<char>,class std::allocator<char> > const &,unsigned int)" (?compileShader@GLSLProgram@@AEAAXAEBV?$basic_string@DU?$char_traits@D@std@@V?$allocator@D@2@@std@@I@Z)
GLSLProgram.obj : error LNK2019: unresolved external symbol __imp___glewDetachShader referenced in function "public: void __cdecl GLSLProgram::linkShaders(void)" (?linkShaders@GLSLProgram@@QEAAXXZ)
GLSLProgram.obj : error LNK2019: unresolved external symbol __imp___glewDisableVertexAttribArray referenced in function "public: void __cdecl GLSLProgram::unuse(void)" (?unuse@GLSLProgram@@QEAAXXZ)
Sprite.obj : error LNK2001: unresolved external symbol __imp___glewDisableVertexAttribArray
GLSLProgram.obj : error LNK2019: unresolved external symbol __imp___glewEnableVertexAttribArray referenced in function "public: void __cdecl GLSLProgram::use(void)" (?use@GLSLProgram@@QEAAXXZ)
Sprite.obj : error LNK2001: unresolved external symbol __imp___glewEnableVertexAttribArray
GLSLProgram.obj : error LNK2019: unresolved external symbol __imp___glewGetProgramInfoLog referenced in function "public: void __cdecl GLSLProgram::linkShaders(void)" (?linkShaders@GLSLProgram@@QEAAXXZ)
GLSLProgram.obj : error LNK2019: unresolved external symbol __imp___glewGetProgramiv referenced in function "public: void __cdecl GLSLProgram::linkShaders(void)" (?linkShaders@GLSLProgram@@QEAAXXZ)
GLSLProgram.obj : error LNK2019: unresolved external symbol __imp___glewGetShaderInfoLog referenced in function "private: void __cdecl GLSLProgram::compileShader(class std::basic_string<char,struct std::char_traits<char>,class std::allocator<char> > const &,unsigned int)" (?compileShader@GLSLProgram@@AEAAXAEBV?$basic_string@DU?$char_traits@D@std@@V?$allocator@D@2@@std@@I@Z)
GLSLProgram.obj : error LNK2019: unresolved external symbol __imp___glewGetShaderiv referenced in function "private: void __cdecl GLSLProgram::compileShader(class std::basic_string<char,struct std::char_traits<char>,class std::allocator<char> > const &,unsigned int)" (?compileShader@GLSLProgram@@AEAAXAEBV?$basic_string@DU?$char_traits@D@std@@V?$allocator@D@2@@std@@I@Z)
GLSLProgram.obj : error LNK2019: unresolved external symbol __imp___glewGetUniformLocation referenced in function "public: int __cdecl GLSLProgram::getUniformLocation(class std::basic_string<char,struct std::char_traits<char>,class std::allocator<char> > const &)" (?getUniformLocation@GLSLProgram@@QEAAHAEBV?$basic_string@DU?$char_traits@D@std@@V?$allocator@D@2@@std@@@Z)
GLSLProgram.obj : error LNK2019: unresolved external symbol __imp___glewLinkProgram referenced in function "public: void __cdecl GLSLProgram::linkShaders(void)" (?linkShaders@GLSLProgram@@QEAAXXZ)
GLSLProgram.obj : error LNK2019: unresolved external symbol __imp___glewShaderSource referenced in function "private: void __cdecl GLSLProgram::compileShader(class std::basic_string<char,struct std::char_traits<char>,class std::allocator<char> > const &,unsigned int)" (?compileShader@GLSLProgram@@AEAAXAEBV?$basic_string@DU?$char_traits@D@std@@V?$allocator@D@2@@std@@I@Z)
GLSLProgram.obj : error LNK2019: unresolved external symbol __imp___glewUseProgram referenced in function "public: void __cdecl GLSLProgram::unuse(void)" (?unuse@GLSLProgram@@QEAAXXZ)
MainGame.obj : error LNK2019: unresolved external symbol SDL_CreateWindow referenced in function "private: void __cdecl MainGame::initSystems(void)" (?initSystems@MainGame@@AEAAXXZ)
MainGame.obj : error LNK2019: unresolved external symbol SDL_GL_SetAttribute referenced in function "private: void __cdecl MainGame::initSystems(void)" (?initSystems@MainGame@@AEAAXXZ)
MainGame.obj : error LNK2019: unresolved external symbol SDL_GL_CreateContext referenced in function "private: void __cdecl MainGame::initSystems(void)" (?initSystems@MainGame@@AEAAXXZ)
MainGame.obj : error LNK2019: unresolved external symbol SDL_GL_SwapWindow referenced in function "private: void __cdecl MainGame::drawGame(void)" (?drawGame@MainGame@@AEAAXXZ)
MainGame.obj : error LNK2019: unresolved external symbol SDL_PollEvent referenced in function "private: void __cdecl MainGame::processInput(void)" (?processInput@MainGame@@AEAAXXZ)
MainGame.obj : error LNK2019: unresolved external symbol SDL_Init referenced in function "private: void __cdecl MainGame::initSystems(void)" (?initSystems@MainGame@@AEAAXXZ)
MainGame.obj : error LNK2019: unresolved external symbol __imp_glewInit referenced in function "private: void __cdecl MainGame::initSystems(void)" (?initSystems@MainGame@@AEAAXXZ)
MainGame.obj : error LNK2019: unresolved external symbol __imp___glewUniform1f referenced in function "private: void __cdecl MainGame::drawGame(void)" (?drawGame@MainGame@@AEAAXXZ)
Sprite.obj : error LNK2019: unresolved external symbol __imp___glewBindBuffer referenced in function "public: void __cdecl Sprite::draw(void)" (?draw@Sprite@@QEAAXXZ)
Sprite.obj : error LNK2019: unresolved external symbol __imp___glewBufferData referenced in function "public: void __cdecl Sprite::init(float,float,float,float)" (?init@Sprite@@QEAAXMMMM@Z)
Sprite.obj : error LNK2019: unresolved external symbol __imp___glewDeleteBuffers referenced in function "public: __cdecl Sprite::~Sprite(void)" (??1Sprite@@QEAA@XZ)
Sprite.obj : error LNK2019: unresolved external symbol __imp___glewGenBuffers referenced in function "public: void __cdecl Sprite::init(float,float,float,float)" (?init@Sprite@@QEAAXMMMM@Z)
Sprite.obj : error LNK2019: unresolved external symbol __imp___glewVertexAttribPointer referenced in function "public: void __cdecl Sprite::draw(void)" (?draw@Sprite@@QEAAXXZ)
MSVCRTD.lib(exe_main.obj) : error LNK2019: unresolved external symbol main referenced in function "int __cdecl invoke_main(void)" (?invoke_main@@YAHXZ)
C:\Users\PS24XMooney\Desktop\Jauntlet\dependencies\lib\SDL2.lib : warning LNK4272: library machine type 'x86' conflicts with target machine type 'x64'
C:\Users\PS24XMooney\Desktop\Jauntlet\dependencies\lib\SDL2main.lib : warning LNK4272: library machine type 'x86' conflicts with target machine type 'x64'
C:\Users\PS24XMooney\Desktop\Jauntlet\dependencies\lib\glew32.lib : warning LNK4272: library machine type 'x86' conflicts with target machine type 'x64'
C:\Users\PS24XMooney\Desktop\Jauntlet\x64\Debug\Jauntlet.exe : fatal error LNK1120: 33 unresolved externals
